<?xml version="1.0" encoding="UTF-8"?>
<testsuite name="Realizar una orden con y sin cupon de bienvenida" tests="1" skipped="0" failures="0" errors="0" timestamp="2020-08-28T22:09:49" hostname="3RO-PQVIS8FDX5L" time="24.74">
  <properties/>
  <testcase name="Realizar pedido sin cupon" classname="Realizar una orden con y sin cupon de bienvenida" time="24.74"/>
  <system-out><![CDATA[]]></system-out>
  <system-err><![CDATA[1602 [Test worker] INFO net.thucydides.core.steps.ConsoleLoggingListener - STARTING STEP Given Damian ingresa a la pagina de wappi con tester3 12345678
2021 [Test worker] INFO net.thucydides.core.steps.ConsoleLoggingListener - STARTING STEP Damian abrir navegador
2071 [Test worker] INFO net.thucydides.core.steps.ConsoleLoggingListener - STARTING STEP Damian opens the Pagina iniciar sesion
ago 28, 2020 5:09:49 PM org.openqa.selenium.remote.DesiredCapabilities chrome
INFORMACIÓN: Using `new ChromeOptions()` is preferred to `DesiredCapabilities.chrome()`
2956 [Test worker] INFO net.serenitybdd.core.webdriver.driverproviders.ProvideNewDriver - Instantiating driver
2960 [Test worker] INFO net.serenitybdd.core.webdriver.driverproviders.ProvideNewDriver - Driver capabilities: Capabilities {acceptInsecureCerts: false, browserName: chrome, chrome.switches: --disk-cache-dir=null, --in..., goog:chromeOptions: {args: [--disk-cache-dir=null, --incognito, --disable-download-notifica..., --start-maximized, --test-type, --ignore-certificate-errors, --allow-running-insecure-co..., --disable-translate, --always-authorize-plugins, --disable-extensions, --enable-automation, --test-type], extensions: []}, loggingPrefs: org.openqa.selenium.logging..., platform: ANY, version: }
Starting ChromeDriver 2.39.562718 (9a2698cba08cf5a471a29d30c8b3e12becabb0e9) on port 27670
Only local connections are allowed.
[1598652595.937][WARNING]: Timed out connecting to Chrome, retrying...
ago 28, 2020 5:09:57 PM org.openqa.selenium.remote.ProtocolHandshake createSession
INFORMACIÓN: Detected dialect: OSS
13688 [Test worker] INFO net.thucydides.core.steps.ConsoleLoggingListener - FINISHING STEP
13694 [Test worker] INFO net.thucydides.core.steps.ConsoleLoggingListener - FINISHING STEP
14351 [Test worker] INFO net.thucydides.core.steps.ConsoleLoggingListener - STARTING STEP Damian iniciar sesion
14385 [Test worker] INFO net.thucydides.core.steps.ConsoleLoggingListener - STARTING STEP Damian enters 'tester3' into Campo usuario
14990 [Test worker] INFO net.thucydides.core.steps.ConsoleLoggingListener - FINISHING STEP
14995 [Test worker] INFO net.thucydides.core.steps.ConsoleLoggingListener - STARTING STEP Damian enters '12345678' into Campo contraseÃ±a
15437 [Test worker] INFO net.thucydides.core.steps.ConsoleLoggingListener - FINISHING STEP
15443 [Test worker] INFO net.thucydides.core.steps.ConsoleLoggingListener - STARTING STEP Damian clicks on Boton ingresar
15827 [Test worker] INFO net.thucydides.core.steps.ConsoleLoggingListener - FINISHING STEP
16199 [Test worker] INFO net.thucydides.core.steps.ConsoleLoggingListener - FINISHING STEP
16202 [Test worker] INFO net.thucydides.core.steps.ConsoleLoggingListener - FINISHING STEP
16204 [Test worker] INFO net.thucydides.core.steps.ConsoleLoggingListener - STARTING STEP When selecciona los articulos
| articulos | cupon |
| Aceite de Girasol | No |
| Pan tajado | No |
| Jamón Premium | No |
16220 [Test worker] INFO net.thucydides.core.steps.ConsoleLoggingListener - STARTING STEP Damian seleccionar articulos
ago 28, 2020 5:10:03 PM com.wappi.tasks.SeleccionarArticulos performAs
INFORMACIÓN: TamaÃ±o de la lista de articulos--> 3
16252 [Test worker] INFO net.thucydides.core.steps.ConsoleLoggingListener - STARTING STEP Damian clicks on Boton pedir articulos
16646 [Test worker] INFO net.thucydides.core.steps.ConsoleLoggingListener - FINISHING STEP
16651 [Test worker] INFO net.thucydides.core.steps.ConsoleLoggingListener - STARTING STEP Damian clicks on Precio del modal
16951 [Test worker] INFO net.thucydides.core.steps.ConsoleLoggingListener - FINISHING STEP
18992 [Test worker] INFO net.thucydides.core.steps.ConsoleLoggingListener - STARTING STEP Damian clicks on Cerrar el modal de confirmacion de pedido
19295 [Test worker] INFO net.thucydides.core.steps.ConsoleLoggingListener - FINISHING STEP
19307 [Test worker] INFO net.thucydides.core.steps.ConsoleLoggingListener - STARTING STEP Damian clicks on Boton pedir articulos
19507 [Test worker] INFO net.thucydides.core.steps.ConsoleLoggingListener - FINISHING STEP
19511 [Test worker] INFO net.thucydides.core.steps.ConsoleLoggingListener - STARTING STEP Damian clicks on Precio del modal
19759 [Test worker] INFO net.thucydides.core.steps.ConsoleLoggingListener - FINISHING STEP
21871 [Test worker] INFO net.thucydides.core.steps.ConsoleLoggingListener - STARTING STEP Damian clicks on Cerrar el modal de confirmacion de pedido
22048 [Test worker] INFO net.thucydides.core.steps.ConsoleLoggingListener - FINISHING STEP
22061 [Test worker] INFO net.thucydides.core.steps.ConsoleLoggingListener - STARTING STEP Damian clicks on Boton pedir articulos
22249 [Test worker] INFO net.thucydides.core.steps.ConsoleLoggingListener - FINISHING STEP
22254 [Test worker] INFO net.thucydides.core.steps.ConsoleLoggingListener - STARTING STEP Damian clicks on Precio del modal
22472 [Test worker] INFO net.thucydides.core.steps.ConsoleLoggingListener - FINISHING STEP
24546 [Test worker] INFO net.thucydides.core.steps.ConsoleLoggingListener - STARTING STEP Damian clicks on Cerrar el modal de confirmacion de pedido
24656 [Test worker] INFO net.thucydides.core.steps.ConsoleLoggingListener - FINISHING STEP
24661 [Test worker] INFO net.thucydides.core.steps.ConsoleLoggingListener - STARTING STEP Damian clicks on Barra manu principal
24837 [Test worker] INFO net.thucydides.core.steps.ConsoleLoggingListener - FINISHING STEP
ago 28, 2020 5:10:12 PM com.wappi.tasks.SeleccionarArticulos performAs
INFORMACIÓN:  variable de sesion con el  ultimo articulo--> Jamón Premium
25131 [Test worker] INFO net.thucydides.core.steps.ConsoleLoggingListener - FINISHING STEP
25133 [Test worker] INFO net.thucydides.core.steps.ConsoleLoggingListener - FINISHING STEP
25135 [Test worker] INFO net.thucydides.core.steps.ConsoleLoggingListener - STARTING STEP Then en la opcion de mis pedidos validamo el ultimo articulo seleccionado
25373 [Test worker] INFO net.thucydides.core.steps.ConsoleLoggingListener - STARTING STEP Then validar mis pedidos should be 'Jam&oacute;n Premium'
ago 28, 2020 5:10:13 PM com.wappi.questions.ValidarMisPedidos answeredBy
INFORMACIÓN: Posicion que viene desde el feature: 3
25420 [Test worker] INFO net.thucydides.core.steps.ConsoleLoggingListener - FINISHING STEP
25421 [Test worker] INFO net.thucydides.core.steps.ConsoleLoggingListener - FINISHING STEP
25423 [Test worker] INFO net.thucydides.core.steps.ConsoleLoggingListener - FINISHING STEP
26289 [Test worker] INFO net.thucydides.core.steps.ConsoleLoggingListener - ?[92m
        __    _____ _____ ____ _____   ____   _    ____  ____  _____ ____  
  _     \ \  |_   _| ____/ ___|_   _| |  _ \ / \  / ___|/ ___|| ____|  _ \ 
 (_)_____| |   | | |  _| \___ \ | |   | |_) / _ \ \___ \\___ \|  _| | | | |
  _|_____| |   | | | |___ ___) || |   |  __/ ___ \ ___) |___) | |___| |_| |
 (_)     | |   |_| |_____|____/ |_|   |_| /_/   \_\____/|____/|_____|____/ 
        /_/                                                                

TEST PASSED: Realizar pedido sin cupon
----------------------------------------------------------------------------?[0m
]]></system-err>
</testsuite>
